[    0.000000] Linux version 4.15.0-154-generic (buildd@lcy01-amd64-011) (gcc version 7.5.0 (Ubuntu 7.5.0-3ubuntu1~18.04)) #161-Ubuntu SMP Fri Jul 30 13:04:17 UTC 2021 (Ubuntu 4.15.0-154.161-generic 4.15.18)
[    0.000000] Command line: BOOT_IMAGE=/boot/vmlinuz-4.15.0-154-generic root=LABEL=cloudimg-rootfs ro console=tty1 console=ttyS0
[    0.000000] KERNEL supported cpus:
[    0.000000]   Intel GenuineIntel
[    0.000000]   AMD AuthenticAMD
[    0.000000]   Centaur CentaurHauls
[    0.000000] x86/fpu: Supporting XSAVE feature 0x001: 'x87 floating point registers'
[    0.000000] x86/fpu: Supporting XSAVE feature 0x002: 'SSE registers'
[    0.000000] x86/fpu: Supporting XSAVE feature 0x004: 'AVX registers'
[    0.000000] x86/fpu: xstate_offset[2]:  576, xstate_sizes[2]:  256
[    0.000000] x86/fpu: Enabled xstate features 0x7, context size is 832 bytes, using 'standard' format.
[    0.000000] e820: BIOS-provided physical RAM map:
[    0.000000] BIOS-e820: [mem 0x0000000000000000-0x000000000009fbff] usable
[    0.000000] BIOS-e820: [mem 0x000000000009fc00-0x000000000009ffff] reserved
[    0.000000] BIOS-e820: [mem 0x00000000000f0000-0x00000000000fffff] reserved
[    0.000000] BIOS-e820: [mem 0x0000000000100000-0x000000003ffeffff] usable
[    0.000000] BIOS-e820: [mem 0x000000003fff0000-0x000000003fffffff] ACPI data
[    0.000000] BIOS-e820: [mem 0x00000000fec00000-0x00000000fec00fff] reserved
[    0.000000] BIOS-e820: [mem 0x00000000fee00000-0x00000000fee00fff] reserved
[    0.000000] BIOS-e820: [mem 0x00000000fffc0000-0x00000000ffffffff] reserved
[    0.000000] NX (Execute Disable) protection: active
[    0.000000] SMBIOS 2.5 present.
[    0.000000] DMI: innotek GmbH VirtualBox/VirtualBox, BIOS VirtualBox 12/01/2006
[    0.000000] Hypervisor detected: KVM
[    0.000000] e820: last_pfn = 0x3fff0 max_arch_pfn = 0x400000000
[    0.000000] MTRR: Disabled
[    0.000000] x86/PAT: MTRRs disabled, skipping PAT initialization too.
[    0.000000] CPU MTRRs all blank - virtualized system.
[    0.000000] x86/PAT: Configuration [0-7]: WB  WT  UC- UC  WB  WT  UC- UC  
[    0.000000] found SMP MP-table at [mem 0x0009fff0-0x0009ffff]
[    0.000000] Scanning 1 areas for low memory corruption
[    0.000000] RAMDISK: [mem 0x359cf000-0x36cdefff]
[    0.000000] ACPI: Early table checksum verification disabled
[    0.000000] ACPI: RSDP 0x00000000000E0000 000024 (v02 VBOX  )
[    0.000000] ACPI: XSDT 0x000000003FFF0030 00003C (v01 VBOX   VBOXXSDT 00000001 ASL  00000061)
[    0.000000] ACPI: FACP 0x000000003FFF00F0 0000F4 (v04 VBOX   VBOXFACP 00000001 ASL  00000061)
[    0.000000] ACPI: DSDT 0x000000003FFF0470 002325 (v02 VBOX   VBOXBIOS 00000002 INTL 20120111)
[    0.000000] ACPI: FACS 0x000000003FFF0200 000040
[    0.000000] ACPI: FACS 0x000000003FFF0200 000040
[    0.000000] ACPI: APIC 0x000000003FFF0240 000054 (v02 VBOX   VBOXAPIC 00000001 ASL  00000061)
[    0.000000] ACPI: SSDT 0x000000003FFF02A0 0001CC (v01 VBOX   VBOXCPUT 00000002 INTL 20120111)
[    0.000000] ACPI: Reserving FACP table memory at [mem 0x3fff00f0-0x3fff01e3]
[    0.000000] ACPI: Reserving DSDT table memory at [mem 0x3fff0470-0x3fff2794]
[    0.000000] ACPI: Reserving FACS table memory at [mem 0x3fff0200-0x3fff023f]
[    0.000000] ACPI: Reserving FACS table memory at [mem 0x3fff0200-0x3fff023f]
[    0.000000] ACPI: Reserving APIC table memory at [mem 0x3fff0240-0x3fff0293]
[    0.000000] ACPI: Reserving SSDT table memory at [mem 0x3fff02a0-0x3fff046b]
[    0.000000] No NUMA configuration found
[    0.000000] Faking a node at [mem 0x0000000000000000-0x000000003ffeffff]
[    0.000000] NODE_DATA(0) allocated [mem 0x3ffc5000-0x3ffeffff]
[    0.000000] kvm-clock: cpu 0, msr 0:3ff44001, primary cpu clock
[    0.000000] kvm-clock: Using msrs 4b564d01 and 4b564d00
[    0.000000] kvm-clock: using sched offset of 3942359039 cycles
[    0.000000] clocksource: kvm-clock: mask: 0xffffffffffffffff max_cycles: 0x1cd42e4dffb, max_idle_ns: 881590591483 ns
[    0.000000] Zone ranges:
[    0.000000]   DMA      [mem 0x0000000000001000-0x0000000000ffffff]
[    0.000000]   DMA32    [mem 0x0000000001000000-0x000000003ffeffff]
[    0.000000]   Normal   empty
[    0.000000]   Device   empty
[    0.000000] Movable zone start for each node
[    0.000000] Early memory node ranges
[    0.000000]   node   0: [mem 0x0000000000001000-0x000000000009efff]
[    0.000000]   node   0: [mem 0x0000000000100000-0x000000003ffeffff]
[    0.000000] Reserved but unavailable: 104 pages
[    0.000000] Initmem setup node 0 [mem 0x0000000000001000-0x000000003ffeffff]
[    0.000000] ACPI: PM-Timer IO Port: 0x4008
[    0.000000] IOAPIC[0]: apic_id 1, version 32, address 0xfec00000, GSI 0-23
[    0.000000] ACPI: INT_SRC_OVR (bus 0 bus_irq 0 global_irq 2 dfl dfl)
[    0.000000] ACPI: INT_SRC_OVR (bus 0 bus_irq 9 global_irq 9 low level)
[    0.000000] Using ACPI (MADT) for SMP configuration information
[    0.000000] smpboot: Allowing 1 CPUs, 0 hotplug CPUs
[    0.000000] PM: Registered nosave memory: [mem 0x00000000-0x00000fff]
[    0.000000] PM: Registered nosave memory: [mem 0x0009f000-0x0009ffff]
[    0.000000] PM: Registered nosave memory: [mem 0x000a0000-0x000effff]
[    0.000000] PM: Registered nosave memory: [mem 0x000f0000-0x000fffff]
[    0.000000] e820: [mem 0x40000000-0xfebfffff] available for PCI devices
[    0.000000] Booting paravirtualized kernel on KVM
[    0.000000] clocksource: refined-jiffies: mask: 0xffffffff max_cycles: 0xffffffff, max_idle_ns: 7645519600211568 ns
[    0.000000] random: get_random_bytes called from start_kernel+0x99/0x500 with crng_init=0
[    0.000000] setup_percpu: NR_CPUS:8192 nr_cpumask_bits:1 nr_cpu_ids:1 nr_node_ids:1
[    0.000000] percpu: Embedded 45 pages/cpu s147456 r8192 d28672 u2097152
[    0.000000] PV qspinlock hash table entries: 256 (order: 0, 4096 bytes)
[    0.000000] Built 1 zonelists, mobility grouping on.  Total pages: 257913
[    0.000000] Policy zone: DMA32
[    0.000000] Kernel command line: BOOT_IMAGE=/boot/vmlinuz-4.15.0-154-generic root=LABEL=cloudimg-rootfs ro console=tty1 console=ttyS0
[    0.000000] Memory: 982896K/1048120K available (12300K kernel code, 2483K rwdata, 4320K rodata, 2448K init, 2724K bss, 65224K reserved, 0K cma-reserved)
[    0.000000] SLUB: HWalign=64, Order=0-3, MinObjects=0, CPUs=1, Nodes=1
[    0.000000] Kernel/User page tables isolation: enabled
[    0.000000] ftrace: allocating 39461 entries in 155 pages
[    0.004000] Hierarchical RCU implementation.
[    0.004000] 	RCU restricting CPUs from NR_CPUS=8192 to nr_cpu_ids=1.
[    0.004000] 	Tasks RCU enabled.
[    0.004000] RCU: Adjusting geometry for rcu_fanout_leaf=16, nr_cpu_ids=1
[    0.004000] NR_IRQS: 524544, nr_irqs: 256, preallocated irqs: 16
[    0.004000] Console: colour VGA+ 80x25
[    0.004000] console [tty1] enabled
[    0.004000] console [ttyS0] enabled
[    0.004000] ACPI: Core revision 20170831
[    0.004000] ACPI: 2 ACPI AML tables successfully acquired and loaded
[    0.004000] APIC: Switch to symmetric I/O mode setup
[    0.004000] x2apic enabled
[    0.004000] Switched APIC routing to physical x2apic.
[    0.005021] ..TIMER: vector=0x30 apic1=0 pin1=2 apic2=-1 pin2=-1
[    0.008003] tsc: Detected 2594.088 MHz processor
[    0.009235] Calibrating delay loop (skipped) preset value.. 5188.17 BogoMIPS (lpj=10376352)
[    0.010038] pid_max: default: 32768 minimum: 301
[    0.012039] Security Framework initialized
[    0.013093] Yama: becoming mindful.
[    0.013941] AppArmor: AppArmor initialized
[    0.017430] Dentry cache hash table entries: 131072 (order: 8, 1048576 bytes)
[    0.019374] Inode-cache hash table entries: 65536 (order: 7, 524288 bytes)
[    0.020020] Mount-cache hash table entries: 2048 (order: 2, 16384 bytes)
[    0.021581] Mountpoint-cache hash table entries: 2048 (order: 2, 16384 bytes)
[    0.024258] process: using mwait in idle threads
[    0.025357] Last level iTLB entries: 4KB 512, 2MB 8, 4MB 8
[    0.026657] Last level dTLB entries: 4KB 512, 2MB 32, 4MB 32, 1GB 0
[    0.028004] Spectre V1 : Mitigation: usercopy/swapgs barriers and __user pointer sanitization
[    0.029973] Spectre V2 : Mitigation: Full generic retpoline
[    0.031225] Spectre V2 : Spectre v2 / SpectreRSB mitigation: Filling RSB on context switch
[    0.032004] Speculative Store Bypass: Vulnerable
[    0.033139] SRBDS: Unknown: Dependent on hypervisor status
[    0.036003] MDS: Mitigation: Clear CPU buffers
[    0.054615] Freeing SMP alternatives memory: 36K
[    0.166247] smpboot: CPU0: Intel(R) Core(TM) i7-3720QM CPU @ 2.60GHz (family: 0x6, model: 0x3a, stepping: 0x9)
[    0.168000] Performance Events: unsupported p6 CPU model 58 no PMU driver, software events only.
[    0.168059] Hierarchical SRCU implementation.
[    0.169683] NMI watchdog: Perf event create on CPU 0 failed with -2
[    0.172005] NMI watchdog: Perf NMI watchdog permanently disabled
[    0.173571] smp: Bringing up secondary CPUs ...
[    0.174737] smp: Brought up 1 node, 1 CPU
[    0.176008] smpboot: Max logical packages: 1
[    0.177405] smpboot: Total of 1 processors activated (5188.17 BogoMIPS)
[    0.179274] devtmpfs: initialized
[    0.180063] x86/mm: Memory block size: 128MB
[    0.181232] evm: security.selinux
[    0.182022] evm: security.SMACK64
[    0.182827] evm: security.SMACK64EXEC
[    0.184004] evm: security.SMACK64TRANSMUTE
[    0.184978] evm: security.SMACK64MMAP
[    0.185838] evm: security.apparmor
[    0.186832] evm: security.ima
[    0.187549] evm: security.capability
[    0.188118] clocksource: jiffies: mask: 0xffffffff max_cycles: 0xffffffff, max_idle_ns: 7645041785100000 ns
[    0.190393] futex hash table entries: 256 (order: 2, 16384 bytes)
[    0.192050] pinctrl core: initialized pinctrl subsystem
[    0.193403] RTC time: 14:33:16, date: 08/31/21
[    0.194577] NET: Registered protocol family 16
[    0.196068] audit: initializing netlink subsys (disabled)
[    0.197506] cpuidle: using governor ladder
[    0.198497] cpuidle: using governor menu
[    0.199443] ACPI: bus type PCI registered
[    0.200005] acpiphp: ACPI Hot Plug PCI Controller Driver version: 0.5
[    0.201854] PCI: Using configuration type 1 for base access
[    0.203224] audit: type=2000 audit(1630420401.656:1): state=initialized audit_enabled=0 res=1
[    0.204990] HugeTLB registered 2.00 MiB page size, pre-allocated 0 pages
[    0.209643] ACPI: Added _OSI(Module Device)
[    0.210784] ACPI: Added _OSI(Processor Device)
[    0.212012] ACPI: Added _OSI(3.0 _SCP Extensions)
[    0.213246] ACPI: Added _OSI(Processor Aggregator Device)
[    0.214478] ACPI: Added _OSI(Linux-Dell-Video)
[    0.216026] ACPI: Added _OSI(Linux-Lenovo-NV-HDMI-Audio)
[    0.217567] ACPI: Added _OSI(Linux-HPI-Hybrid-Graphics)
[    0.220132] ACPI: Executed 1 blocks of module-level executable AML code
[    0.225144] ACPI: Interpreter enabled
[    0.226144] ACPI: (supports S0 S5)
[    0.226943] ACPI: Using IOAPIC for interrupt routing
[    0.228146] PCI: Using host bridge windows from ACPI; if necessary, use "pci=nocrs" and report a bug
[    0.230578] ACPI: Enabled 2 GPEs in block 00 to 07
[    0.239757] ACPI: PCI Root Bridge [PCI0] (domain 0000 [bus 00-ff])
[    0.240010] acpi PNP0A03:00: _OSC: OS supports [ASPM ClockPM Segments MSI]
[    0.242354] acpi PNP0A03:00: _OSC: not requesting OS control; OS requires [ExtendedConfig ASPM ClockPM MSI]
[    0.244019] acpi PNP0A03:00: fail to add MMCONFIG information, can't access extended PCI configuration space under this bridge.
[    0.248616] PCI host bridge to bus 0000:00
[    0.249733] pci_bus 0000:00: root bus resource [io  0x0000-0x0cf7 window]
[    0.252006] pci_bus 0000:00: root bus resource [io  0x0d00-0xffff window]
[    0.253516] pci_bus 0000:00: root bus resource [mem 0x000a0000-0x000bffff window]
[    0.256006] pci_bus 0000:00: root bus resource [mem 0x40000000-0xfdffffff window]
[    0.257773] pci_bus 0000:00: root bus resource [bus 00-ff]
[    0.262198] pci 0000:00:01.1: legacy IDE quirk: reg 0x10: [io  0x01f0-0x01f7]
[    0.263851] pci 0000:00:01.1: legacy IDE quirk: reg 0x14: [io  0x03f6]
[    0.264007] pci 0000:00:01.1: legacy IDE quirk: reg 0x18: [io  0x0170-0x0177]
[    0.265605] pci 0000:00:01.1: legacy IDE quirk: reg 0x1c: [io  0x0376]
[    0.285335] pci 0000:00:07.0: quirk: [io  0x4000-0x403f] claimed by PIIX4 ACPI
[    0.287335] pci 0000:00:07.0: quirk: [io  0x4100-0x410f] claimed by PIIX4 SMB
[    0.301453] ACPI: PCI Interrupt Link [LNKA] (IRQs 5 9 10 *11)
[    0.303436] ACPI: PCI Interrupt Link [LNKB] (IRQs 5 9 *10 11)
[    0.304156] ACPI: PCI Interrupt Link [LNKC] (IRQs 5 *9 10 11)
[    0.305737] ACPI: PCI Interrupt Link [LNKD] (IRQs 5 9 10 *11)
[    0.308434] SCSI subsystem initialized
[    0.309665] pci 0000:00:02.0: vgaarb: setting as boot VGA device
[    0.311064] pci 0000:00:02.0: vgaarb: VGA device added: decodes=io+mem,owns=io+mem,locks=none
[    0.312008] pci 0000:00:02.0: vgaarb: bridge control possible
[    0.313322] vgaarb: loaded
[    0.314149] ACPI: bus type USB registered
[    0.316031] usbcore: registered new interface driver usbfs
[    0.317307] usbcore: registered new interface driver hub
[    0.318570] usbcore: registered new device driver usb
[    0.320069] EDAC MC: Ver: 3.0.0
[    0.321220] PCI: Using ACPI for IRQ routing
[    0.322625] NetLabel: Initializing
[    0.323433] NetLabel:  domain hash size = 128
[    0.324007] NetLabel:  protocols = UNLABELED CIPSOv4 CALIPSO
[    0.325700] NetLabel:  unlabeled traffic allowed by default
[    0.328085] clocksource: Switched to clocksource kvm-clock
[    0.344402] VFS: Disk quotas dquot_6.6.0
[    0.346078] VFS: Dquot-cache hash table entries: 512 (order 0, 4096 bytes)
[    0.348559] AppArmor: AppArmor Filesystem Enabled
[    0.350589] pnp: PnP ACPI init
[    0.353651] pnp: PnP ACPI: found 3 devices
[    0.361223] clocksource: acpi_pm: mask: 0xffffff max_cycles: 0xffffff, max_idle_ns: 2085701024 ns
[    0.363657] NET: Registered protocol family 2
[    0.365089] TCP established hash table entries: 8192 (order: 4, 65536 bytes)
[    0.367501] TCP bind hash table entries: 8192 (order: 5, 131072 bytes)
[    0.369204] TCP: Hash tables configured (established 8192 bind 8192)
[    0.370860] UDP hash table entries: 512 (order: 2, 16384 bytes)
[    0.372326] UDP-Lite hash table entries: 512 (order: 2, 16384 bytes)
[    0.373926] NET: Registered protocol family 1
[    0.375233] pci 0000:00:00.0: Limiting direct PCI/PCI transfers
[    0.376851] pci 0000:00:01.0: Activating ISA DMA hang workarounds
[    0.378374] pci 0000:00:02.0: Video device with shadowed ROM at [mem 0x000c0000-0x000dffff]
[    0.380535] Unpacking initramfs...
[    0.680981] Freeing initrd memory: 19520K
[    0.682185] clocksource: tsc: mask: 0xffffffffffffffff max_cycles: 0x25646b981d7, max_idle_ns: 440795327688 ns
[    0.684736] platform rtc_cmos: registered platform RTC device (no PNP device found)
[    0.686737] Scanning for low memory corruption every 60 seconds
[    0.688792] Initialise system trusted keyrings
[    0.690192] Key type blacklist registered
[    0.691611] workingset: timestamp_bits=36 max_order=18 bucket_order=0
[    0.694061] zbud: loaded
[    0.695249] squashfs: version 4.0 (2009/01/31) Phillip Lougher
[    0.696930] fuse init (API version 7.26)
[    0.698914] Key type asymmetric registered
[    0.700388] Asymmetric key parser 'x509' registered
[    0.701655] Block layer SCSI generic (bsg) driver version 0.4 loaded (major 246)
[    0.703592] io scheduler noop registered
[    0.704653] io scheduler deadline registered
[    0.705714] io scheduler cfq registered (default)
[    0.707276] ACPI: AC Adapter [AC] (on-line)
[    0.708498] input: Power Button as /devices/LNXSYSTM:00/LNXPWRBN:00/input/input0
[    0.710317] ACPI: Power Button [PWRF]
[    0.711368] input: Sleep Button as /devices/LNXSYSTM:00/LNXSLPBN:00/input/input1
[    0.713172] ACPI: Sleep Button [SLPF]
[    0.714347] Serial: 8250/16550 driver, 32 ports, IRQ sharing enabled
[    0.737109] 00:02: ttyS0 at I/O 0x3f8 (irq = 4, base_baud = 115200) is a 16550A
[    0.740209] Linux agpgart interface v0.103
[    0.742502] loop: module loaded
[    0.743896] scsi host0: ata_piix
[    0.745032] scsi host1: ata_piix
[    0.745880] ata1: PATA max UDMA/33 cmd 0x1f0 ctl 0x3f6 bmdma 0xd000 irq 14
[    0.747460] ata2: PATA max UDMA/33 cmd 0x170 ctl 0x376 bmdma 0xd008 irq 15
[    0.749674] libphy: Fixed MDIO Bus: probed
[    0.750752] tun: Universal TUN/TAP device driver, 1.6
[    0.752335] PPP generic driver version 2.4.2
[    0.753366] ehci_hcd: USB 2.0 'Enhanced' Host Controller (EHCI) Driver
[    0.754965] ehci-pci: EHCI PCI platform driver
[    0.756009] ehci-platform: EHCI generic platform driver
[    0.757299] ohci_hcd: USB 1.1 'Open' Host Controller (OHCI) Driver
[    0.758970] ohci-pci: OHCI PCI platform driver
[    0.760234] ohci-platform: OHCI generic platform driver
[    0.761554] uhci_hcd: USB Universal Host Controller Interface driver
[    0.763122] i8042: PNP: PS/2 Controller [PNP0303:PS2K,PNP0f03:PS2M] at 0x60,0x64 irq 1,12
[    0.765644] serio: i8042 KBD port at 0x60,0x64 irq 1
[    0.766900] serio: i8042 AUX port at 0x60,0x64 irq 12
[    0.768202] mousedev: PS/2 mouse device common for all mice
[    0.770086] input: AT Translated Set 2 keyboard as /devices/platform/i8042/serio0/input/input2
[    0.772513] rtc_cmos rtc_cmos: rtc core: registered rtc_cmos as rtc0
[    0.774229] rtc_cmos rtc_cmos: alarms up to one day, 114 bytes nvram
[    0.775711] i2c /dev entries driver
[    0.776761] device-mapper: uevent: version 1.0.3
[    0.777963] device-mapper: ioctl: 4.37.0-ioctl (2017-09-20) initialised: dm-devel@redhat.com
[    0.780116] ledtrig-cpu: registered to indicate activity on CPUs
[    0.781820] NET: Registered protocol family 10
[    0.786023] Segment Routing with IPv6
[    0.787091] NET: Registered protocol family 17
[    0.788105] Key type dns_resolver registered
[    0.789536] mce: Using 0 MCE banks
[    0.790378] RAS: Correctable Errors collector initialized.
[    0.791633] sched_clock: Marking stable (789417363, 0)->(985689918, -196272555)
[    0.793560] registered taskstats version 1
[    0.794534] Loading compiled-in X.509 certificates
[    0.797975] Loaded X.509 cert 'Build time autogenerated kernel key: 369b16149153afe509b010c5493c788cd1d7da9f'
[    0.801132] Loaded X.509 cert 'Canonical Ltd. Live Patch Signing: 14df34d1a87cf37625abec039ef2bf521249b969'
[    0.804001] Loaded X.509 cert 'Canonical Ltd. Kernel Module Signing: 88f752e560a1e0737e31163a466ad7b70a850c19'
[    0.806384] zswap: loaded using pool lzo/zbud
[    0.810185] Key type big_key registered
[    0.811257] Key type trusted registered
[    0.813437] Key type encrypted registered
[    0.814572] AppArmor: AppArmor sha1 policy hashing enabled
[    0.815845] ima: No TPM chip found, activating TPM-bypass! (rc=-19)
[    0.817289] ima: Allocated hash algorithm: sha1
[    0.818346] evm: HMAC attrs: 0x1
[    0.819465]   Magic number: 1:856:587
[    0.820433] rtc_cmos rtc_cmos: setting system clock to 2021-08-31 14:33:16 UTC (1630420396)
[    0.822459] BIOS EDD facility v0.16 2004-Jun-25, 0 devices found
[    0.823956] EDD information not available.
[    0.933739] Freeing unused kernel image memory: 2448K
[    0.944559] Write protecting the kernel read-only data: 20480k
[    0.946427] Freeing unused kernel image memory: 2008K
[    0.948382] Freeing unused kernel image memory: 1824K
[    0.958474] x86/mm: Checked W+X mappings: passed, no W+X pages found.
[    0.960085] x86/mm: Checking user space page tables
[    0.967674] x86/mm: Checked W+X mappings: passed, no W+X pages found.
Loading, please wait...
starting version 237
[    1.084366] e1000: Intel(R) PRO/1000 Network Driver - version 7.3.21-k8-NAPI
[    1.086118] e1000: Copyright (c) 1999-2006 Intel Corporation.
[    1.091866] Fusion MPT base driver 3.04.20
[    1.093010] Copyright (c) 1999-2008 LSI Corporation
[    1.099326] Fusion MPT SPI Host driver 3.04.20
[    1.138625] AVX version of gcm_enc/dec engaged.
[    1.139894] AES CTR mode by8 optimization enabled
[    1.305400] input: ImExPS/2 Generic Explorer Mouse as /devices/platform/i8042/serio1/input/input4
[    1.550151] e1000 0000:00:03.0 eth0: (PCI:33MHz:32-bit) 02:0e:50:15:45:b0
[    1.551857] e1000 0000:00:03.0 eth0: Intel(R) PRO/1000 Network Connection
[    1.554380] mptbase: ioc0: Initiating bringup
[    1.649077] ioc0: LSI53C1030 A0: Capabilities={Initiator}
[    1.890717] scsi host2: ioc0: LSI53C1030 A0, FwRev=00000000h, Ports=1, MaxQ=256, IRQ=20
[    2.061099] scsi 2:0:0:0: Direct-Access     VBOX     HARDDISK         1.0  PQ: 0 ANSI: 5
[    2.063434] scsi target2:0:0: Beginning Domain Validation
[    2.067614] random: fast init done
[    2.068754] scsi target2:0:0: Domain Validation skipping write tests
[    2.070241] scsi target2:0:0: Ending Domain Validation
[    2.071465] scsi target2:0:0: asynchronous
[    2.072901] scsi 2:0:1:0: Direct-Access     VBOX     HARDDISK         1.0  PQ: 0 ANSI: 5
[    2.074834] scsi target2:0:1: Beginning Domain Validation
[    2.076947] scsi target2:0:1: Domain Validation skipping write tests
[    2.078470] scsi target2:0:1: Ending Domain Validation
[    2.079747] scsi target2:0:1: asynchronous
[    2.085111] random: systemd-udevd: uninitialized urandom read (16 bytes read)
[    2.086816] random: systemd-udevd: uninitialized urandom read (16 bytes read)
[    2.088800] sd 2:0:0:0: Attached scsi generic sg0 type 0
[    2.090160] random: systemd-udevd: uninitialized urandom read (16 bytes read)
[    2.091941] sd 2:0:0:0: [sda] 83886080 512-byte logical blocks: (42.9 GB/40.0 GiB)
[    2.094033] sd 2:0:0:0: [sda] Write Protect is off
[    2.096063] sd 2:0:1:0: Attached scsi generic sg1 type 0
[    2.097419] sd 2:0:1:0: [sdb] 20480 512-byte logical blocks: (10.5 MB/10.0 MiB)
[    2.099432] sd 2:0:0:0: [sda] Incomplete mode parameter data
[    2.100805] sd 2:0:0:0: [sda] Assuming drive cache: write through
[    2.106895] sd 2:0:1:0: [sdb] Write Protect is off
[    2.108353] sd 2:0:1:0: [sdb] Incomplete mode parameter data
[    2.109659] sd 2:0:1:0: [sdb] Assuming drive cache: write through
[    2.122417]  sda: sda1
[    2.123855] sd 2:0:1:0: [sdb] Attached SCSI disk
[    2.124967] sd 2:0:0:0: [sda] Attached SCSI disk
[    2.506396] e1000 0000:00:08.0 eth1: (PCI:33MHz:32-bit) 08:00:27:a1:48:49
[    2.508368] e1000 0000:00:08.0 eth1: Intel(R) PRO/1000 Network Connection
[    2.511458] e1000 0000:00:08.0 enp0s8: renamed from eth1
[    2.515005] e1000 0000:00:03.0 enp0s3: renamed from eth0
Begin: Loading essential drivers ... [    3.916025] raid6: sse2x1   gen()  7562 MB/s
[    3.964310] raid6: sse2x1   xor()  6588 MB/s
[    4.012039] raid6: sse2x2   gen() 11169 MB/s
[    4.061212] raid6: sse2x2   xor()  7879 MB/s
[    4.108651] raid6: sse2x4   gen() 13621 MB/s
[    4.157561] raid6: sse2x4   xor()  9423 MB/s
[    4.158693] raid6: using algorithm sse2x4 gen() 13621 MB/s
[    4.160059] raid6: .... xor() 9423 MB/s, rmw enabled
[    4.161273] raid6: using ssse3x2 recovery algorithm
[    4.164470] xor: automatically using best checksumming function   avx       
[    4.168132] async_tx: api initialized (async)
done.
Begin: Running /scripts/init-premount ... done.
Begin: Mounting root file system ... Begin: Running /scripts/local-top ... done.
Begin: Running /scripts/local-premount ... [    4.225988] Btrfs loaded, crc32c=crc32c-intel
Scanning for Btrfs filesystems
done.
Warning: fsck not present, so skipping root file system
[    4.262066] EXT4-fs (sda1): mounted filesystem with ordered data mode. Opts: (null)
done.
Begin: Running /scripts/local-bottom ... done.
Begin: Running /scripts/init-bottom ... done.
[    4.448775] ip_tables: (C) 2000-2006 Netfilter Core Team
[    4.459821] systemd[1]: systemd 237 running in system mode. (+PAM +AUDIT +SELINUX +IMA +APPARMOR +SMACK +SYSVINIT +UTMP +LIBCRYPTSETUP +GCRYPT +GNUTLS +ACL +XZ +LZ4 +SECCOMP +BLKID +ELFUTILS +KMOD -IDN2 +IDN -PCRE2 default-hierarchy=hybrid)
[    4.464841] systemd[1]: Detected virtualization oracle.
[    4.466140] systemd[1]: Detected architecture x86-64.

Welcome to [1mUbuntu 18.04.5 LTS[0m!

[    4.470387] systemd[1]: Set hostname to <ubuntu>.
[    4.475786] systemd[1]: Initializing machine ID from random generator.
[    4.477448] systemd[1]: Installed transient /etc/machine-id file.
[    4.737521] systemd[1]: Created slice User and Session Slice.
[[0;32m  OK  [0m] Created slice User and Session Slice.
[    4.740456] systemd[1]: Started Forward Password Requests to Wall Directory Watch.
[[0;32m  OK  [0m] Started Forward Password Requests to Wall Directory Watch.
[    4.743947] systemd[1]: Set up automount Arbitrary Executable File Formats File System Automount Point.
[[0;32m  OK  [0m] Set up automount Arbitrary Executab…rmats File System Automount Point.
[    4.747966] systemd[1]: Reached target System Time Synchronized.
[[0;32m  OK  [0m] Reached target System Time Synchronized.
[[0;32m  OK  [0m] Created slice System Slice.
[[0;32m  OK  [0m] Created slice system-serial\x2dgetty.slice.
[[0;32m  OK  [0m] Listening on fsck to fsckd communication Socket.
[[0;32m  OK  [0m] Reached target Slices.
[[0;32m  OK  [0m] Listening on Device-mapper event daemon FIFOs.
[[0;32m  OK  [0m] Listening on Syslog Socket.
[[0;32m  OK  [0m] Listening on LVM2 poll daemon socket.
[[0;32m  OK  [0m] Listening on Journal Audit Socket.
[[0;32m  OK  [0m] Listening on LVM2 metadata daemon socket.
[[0;32m  OK  [0m] Listening on Journal Socket (/dev/log).
[[0;32m  OK  [0m] Listening on Journal Socket.
         Starting Set the console keyboard layout...
         Starting Create list of required st…ce nodes for the current kernel...
         Mounting POSIX Message Queue File System...
         Mounting Huge Pages File System...
         Mounting Kernel Debug File System...
         Starting Journal Service...
         Starting Uncomplicated firewall...
         Starting Monitoring of LVM2 mirrors…ng dmeventd or progress polling...
[[0;32m  OK  [0m] Listening on /dev/initctl Compatibility Named Pipe.
[[0;32m  OK  [0m] Reached target Swap.
[[0;32m  OK  [0m] Listening on udev Control Socket.
         Starting Load Kernel Modules...
[[0;32m  OK  [0m] Reached target User and Group Name Lookups.
[[0;32m  OK  [0m] Listening on Network Service Netlink Socket.
         Starting File System Check on Root Device...
[[0;32m  OK  [0m] Listening on udev Kernel Socket.
         Starting udev Coldplug all Devices...
[[0;32m  OK  [0m] Started Create list of required sta…vice nodes for the current kernel.
[[0;32m  OK  [0m] Mounted POSIX Message Queue File System.
[[0;32m  OK  [0m] Mounted Huge Pages File System.
[[0;32m  OK  [0m] Mounted Kernel Debug File System.
[[0;32m  OK  [0m] Started Uncomplicated firewall.
[[0;32m  OK  [0m] Started LVM2 metadata daemon.
         Starting Create Static Device Nodes in /dev...
[[0;32m  OK  [0m] Started Journal Service.
[[0;32m  OK  [0m] Started File System Check Daemon to report status.
[    4.901820] Loading iSCSI transport class v2.0-870.
[    4.908733] iscsi: registered transport (tcp)
[[0;32m  OK  [0m] Started Create Static Device Nodes in /dev.
[[0;32m  OK  [0m] Started File System Check on Root Device.
         Starting Remount Root and Kernel File Systems...
[[0;32m  OK  [0m] Started Monitoring of LVM2 mirrors,…sing dmeventd or progress polling.
[    5.046897] iscsi: registered transport (iser)
[    5.053687] EXT4-fs (sda1): re-mounted. Opts: (null)
[[0;32m  OK  [0m] Started Remount Root and Kernel File Systems.
         Starting Flush Journal to Persistent Storage...
         Starting Load/Save Random Seed...
         Starting udev Kernel Device Manager...
[[0;32m  OK  [0m] Started Load Kernel Modules.
         Mounting FUSE Control File System...
         Starting Apply Kernel Variables...
         Mounting Kernel Configuration File System...
[[0;32m  OK  [0m] Started Load/Save Random Seed.
[[0;32m  OK  [0m] Mounted FUSE Control File System.
[[0;32m  OK  [0m] Started udev Coldplug all Devices.
[[0;32m  OK  [0m] Mounted Kernel Configuration File System.
[    5.129636] systemd-journald[407]: Received request to flush runtime journal from PID 1
[[0;32m  OK  [0m] Started Set the console keyboard layout.
[[0;32m  OK  [0m] Started udev Kernel Device Manager.
[[0;32m  OK  [0m] Reached target Local File Systems (Pre).
[[0;32m  OK  [0m] Reached target Local File Systems.
         Starting Tell Plymouth To Write Out Runtime Data...
         Starting ebtables ruleset management...
         Starting Set console font and keymap...
         Starting AppArmor initialization...
         Starting Commit a transient machine-id on disk...
[[0;32m  OK  [0m] Started Dispatch Password Requests to Console Directory Watch.
[[0;32m  OK  [0m] Reached target Local Encrypted Volumes.
[[0;32m  OK  [0m] Started Set console font and keymap.
[[0;32m  OK  [0m] Started Tell Plymouth To Write Out Runtime Data.
[[0;32m  OK  [0m] Started Apply Kernel Variables.
[[0;32m  OK  [0m] Started Commit a transient machine-id on disk.
[[0;32m  OK  [0m] Started Flush Journal to Persistent Storage.
         Starting Create Volatile Files and Directories...
[[0;32m  OK  [0m] Started Create Volatile Files and Directories.
         Starting Update UTMP about System Boot/Shutdown...
[[0;32m  OK  [0m] Started ebtables ruleset management.
[[0;32m  OK  [0m] Started Update UTMP about System Boot/Shutdown.
[[0;32m  OK  [0m] Found device /dev/ttyS0.
[[0;32m  OK  [0m] Listening on Load/Save RF Kill Switch Status /dev/rfkill Watch.
[[0;32m  OK  [0m] Started AppArmor initialization.
         Starting Load AppArmor profiles managed internally by snapd...
         Starting Initial cloud-init job (pre-networking)...
[[0;32m  OK  [0m] Started Load AppArmor profiles managed internally by snapd.
[    8.036652] cloud-init[565]: Cloud-init v. 21.2-3-g899bfaa9-0ubuntu2~18.04.1 running 'init-local' at Tue, 31 Aug 2021 14:33:23 +0000. Up 7.68 seconds.
[[0;32m  OK  [0m] Started Initial cloud-init job (pre-networking).
[[0;32m  OK  [0m] Reached target Network (Pre).
         Starting Network Service...
[[0;32m  OK  [0m] Started Network Service.
         Starting Wait for Network to be Configured...
         Starting Network Name Resolution...
[[0;32m  OK  [0m] Started Network Name Resolution.
[[0;32m  OK  [0m] Reached target Host and Network Name Lookups.
[[0;32m  OK  [0m] Reached target Network.
[[0;32m  OK  [0m] Started Wait for Network to be Configured.
         Starting Initial cloud-init job (metadata service crawler)...
[    9.820159] cloud-init[635]: Cloud-init v. 21.2-3-g899bfaa9-0ubuntu2~18.04.1 running 'init' at Tue, 31 Aug 2021 14:33:25 +0000. Up 9.66 seconds.
[    9.823667] cloud-init[635]: ci-info: ++++++++++++++++++++++++++++++++++++++Net device info++++++++++++++++++++++++++++++++++++++
[    9.825661] cloud-init[635]: ci-info: +--------+-------+---------------------------+---------------+--------+-------------------+
[    9.828170] cloud-init[635]: ci-info: | Device |   Up  |          Address          |      Mask     | Scope  |     Hw-Address    |
[    9.840598] cloud-init[635]: ci-info: +--------+-------+---------------------------+---------------+--------+-------------------+
[    9.852413] cloud-init[635]: ci-info: | enp0s3 |  True |         10.0.2.15         | 255.255.255.0 | global | 02:0e:50:15:45:b0 |
[    9.854703] cloud-init[635]: ci-info: | enp0s3 |  True | fe80::e:50ff:fe15:45b0/64 |       .       |  link  | 02:0e:50:15:45:b0 |
[    9.856982] cloud-init[635]: ci-info: | enp0s8 | False |             .             |       .       |   .    | 08:00:27:a1:48:49 |
[    9.860137] cloud-init[635]: ci-info: |   lo   |  True |         127.0.0.1         |   255.0.0.0   |  host  |         .         |
[    9.862488] cloud-init[635]: ci-info: |   lo   |  True |          ::1/128          |       .       |  host  |         .         |
[    9.869913] cloud-init[635]: ci-info: +--------+-------+---------------------------+---------------+--------+-------------------+
[    9.874264] cloud-init[635]: ci-info: ++++++++++++++++++++++++++++Route IPv4 info+++++++++++++++++++++++++++++
[    9.876736] cloud-init[635]: ci-info: +-------+-------------+----------+-----------------+-----------+-------+
[    9.883195] cloud-init[635]: ci-info: | Route | Destination | Gateway  |     Genmask     | Interface | Flags |
[    9.885013] cloud-init[635]: ci-info: +-------+-------------+----------+-----------------+-----------+-------+
[    9.887995] cloud-init[635]: ci-info: |   0   |   0.0.0.0   | 10.0.2.2 |     0.0.0.0     |   enp0s3  |   UG  |
[    9.900268] cloud-init[635]: ci-info: |   1   |   10.0.2.0  | 0.0.0.0  |  255.255.255.0  |   enp0s3  |   U   |
[    9.902068] cloud-init[635]: ci-info: |   2   |   10.0.2.2  | 0.0.0.0  | 255.255.255.255 |   enp0s3  |   UH  |
[    9.904638] cloud-init[635]: ci-info: +-------+-------------+----------+-----------------+-----------+-------+
[    9.906898] cloud-init[635]: ci-info: +++++++++++++++++++Route IPv6 info+++++++++++++++++++
[    9.909132] cloud-init[635]: ci-info: +-------+-------------+---------+-----------+-------+
[    9.910513] cloud-init[635]: ci-info: | Route | Destination | Gateway | Interface | Flags |
[    9.916383] cloud-init[635]: ci-info: +-------+-------------+---------+-----------+-------+
[    9.918410] cloud-init[635]: ci-info: |   1   |  fe80::/64  |    ::   |   enp0s3  |   U   |
[    9.924186] cloud-init[635]: ci-info: |   3   |    local    |    ::   |   enp0s3  |   U   |
[    9.925952] cloud-init[635]: ci-info: |   4   |   ff00::/8  |    ::   |   enp0s3  |   U   |
[    9.928131] cloud-init[635]: ci-info: +-------+-------------+---------+-----------+-------+
[   10.592278] cloud-init[635]: Generating public/private rsa key pair.
[   10.593388] cloud-init[635]: Your identification has been saved in /etc/ssh/ssh_host_rsa_key.
[   10.595229] cloud-init[635]: Your public key has been saved in /etc/ssh/ssh_host_rsa_key.pub.
[   10.600470] cloud-init[635]: The key fingerprint is:
[   10.604245] cloud-init[635]: SHA256:W9ikL6rx3ZR72vjrggwAlPwzERqaNkwg8wH0UZord7E root@ubuntu-bionic
[   10.605735] cloud-init[635]: The key's randomart image is:
[   10.606962] cloud-init[635]: +---[RSA 2048]----+
[   10.608050] cloud-init[635]: |B*+ooo           |
[   10.612255] cloud-init[635]: |+==+=            |
[   10.613161] cloud-init[635]: |o+o* o    .      |
[   10.614104] cloud-init[635]: |. . * o  =       |
[   10.616156] cloud-init[635]: | . o E  S o      |
[   10.616946] cloud-init[635]: |  o . .  + .     |
[   10.618030] cloud-init[635]: |    .  oo.+      |
[   10.620167] cloud-init[635]: |     o oo+.+.    |
[   10.624305] cloud-init[635]: |    ..o . =*=.   |
[   10.625086] cloud-init[635]: +----[SHA256]-----+
[   10.625966] cloud-init[635]: Generating public/private dsa key pair.
[   10.627311] cloud-init[635]: Your identification has been saved in /etc/ssh/ssh_host_dsa_key.
[   10.629214] cloud-init[635]: Your public key has been saved in /etc/ssh/ssh_host_dsa_key.pub.
[   10.639491] cloud-init[635]: The key fingerprint is:
[   10.640637] cloud-init[635]: SHA256:48jirWwyspeiP2VKoLu8O3wwTF0x6q7aHu2KWcuCt9s root@ubuntu-bionic
[   10.652884] cloud-init[635]: The key's randomart image is:
[   10.653908] cloud-init[635]: +---[DSA 1024]----+
[   10.654825] cloud-init[635]: |     o.          |
[   10.655830] cloud-init[635]: |    ...          |
[   10.656945] cloud-init[635]: |  ...            |
[   10.660326] cloud-init[635]: |....             |
[   10.661445] cloud-init[635]: |+. .    S        |
[   10.664204] cloud-init[635]: |.+o.o. o .       |
[   10.668240] cloud-init[635]: |oo=*o o .        |
[   10.669150] cloud-init[635]: |BOXO.o           |
[   10.670253] cloud-init[635]: |X/#OE..          |
[   10.678251] cloud-init[635]: +----[SHA256]-----+
[   10.679223] cloud-init[635]: Generating public/private ecdsa key pair.
[   10.681052] cloud-init[635]: Your identification has been saved in /etc/ssh/ssh_host_ecdsa_key.
[   10.684133] cloud-init[635]: Your public key has been saved in /etc/ssh/ssh_host_ecdsa_key.pub.
[   10.688181] cloud-init[635]: The key fingerprint is:
[   10.692240] cloud-init[635]: SHA256:d2B1kTgBrOLrQfzMoTs72lPDxNdin/TFisH4pWyvznw root@ubuntu-bionic
[   10.696214] cloud-init[635]: The key's randomart image is:
[   10.697748] cloud-init[635]: +---[ECDSA 256]---+
[   10.704231] cloud-init[635]: |         ...oooo |
[   10.705589] cloud-init[635]: |          ..o..  |
[   10.706829] cloud-init[635]: |       . .o+ . . |
[   10.711291] cloud-init[635]: |     .. +.=.= . o|
[   10.713102] cloud-init[635]: |     .o+So.*.B o |
[[0;32m  OK  [0m] Started Initial cloud-init job (metadata service crawler).[   10.716889] cloud-init[635]: |     ..=+o .O o  |
[   10.718269] cloud-init[635]: |      oo+. . .   |
[   10.719704] cloud-init
[[0;32m  OK  [0m] Reached target Cloud-config availability.
[[0;32m  OK  [0m] Reached target Network is Online.
[635]: |     .=o   o  E  |
[   10.724319] cloud-init[635]: |    .o==   .=o   |
[   10.725581] cloud-init[635]: +----[SHA256]-----+
[   10.726945] [[0;32m  OK  [0m] Reached target Remote File Systems (Pre).
[[0;32m  OK  [0m] Reached target Remote File Systems.
cloud-init[635]: Generating public/private ed25519 key pair.
         Starting Availability of block devices...[   10.743928] 
[[0;32m  OK  [0m] Reached target System Initialization.
cloud-init[635]: Your identification has been saved in /etc/ssh/ssh_host_ed25519_key.[[0;32m  OK  [0m] Started ACPI Events Check.
[[0;32m  OK  [0m] Started Message of the Day.
[[0;32m  OK  [0m
[   10.756604] cloud-init[635]: Your public key has been saved in /etc/ssh/ssh_host_ed25519_key.pub.
[   10.758486] cloud-init[635]: The key fingerprint is:
[   10.759453] cloud-init[635]: SHA256:zyRKwEuml29/K+Wnl7matmDYa+6iwD3RZt4Q4qnRnMk root@ubuntu-bionic] Listening on ACPID Listen Socket.
[[0;32m  OK  [0m] Started Ubuntu Advantage update messaging.
         Starting Socket activation for snappy daemon.
[[0;32m  OK  [0m] Listening on UUID daemon activation socket.
[[0;32m  OK  [0m] Started Daily Cleanup of Temporary Directories.
         Starting LXD - unix socket.
[[0;32m  OK  [0m] Listening on D-Bus System Message Bus Socket.

[[0;32m  OK  [0m] Started Daily apt download activities.
[[0;32m  OK  [0m] Started Daily apt upgrade and clean activities.
[[0;32m  OK  [0m] Listening on Open-iSCSI iscsid Socket.
[[0;32m  OK  [0m] Reached target Paths.
[[0;32m  OK  [0m] Started Discard unused blocks once a week.
[[0;32m  OK  [0m] Reached target Timers.
[   10.794416] cloud-init[635]: The key's randomart image is:
[   10.800639] cloud-init[635]: +--[ED25519 256]--+
[[0;32m  OK  [0m] Started Availability of block devices.
[   10.802651] cloud-init[635]: |                 |
[[0;32m  OK  [0m] Listening on Socket activation for snappy daemon.
[[0;32m  OK  [0m] Listening on LXD - unix socket.
[[0;32m  OK  [0m] Reached target Sockets.
[[0;32m  OK  [0m] Reached target Basic System.
[[0;32m  OK  [0m] Started FUSE filesystem for LXC.
[   10.804980] cloud-init[635]: |   .             |
[   10.813149] cloud-init[635]: |    * .          |
         Starting Pollinate to seed the pseudo random number generator...
[   10.816478] cloud-init[635]: |   O X .         |
[   10.820551] cloud-init[635]: |  o E * S .      |
[   10.823188] cloud-init[635]: | . = B * =.      |
[   10.826967] cloud-init[635]: |  + o * =oo  o   |
[   10.828175] cloud-init[635]: |   . o.ooo+.=    |
[   10.829917] cloud-init[635]: |    .. ==+*B..   |
[   10.830965] cloud-init[635]: +----[SHA256]-----+
[[0;32m  OK  [0m] Started Regular background program processing daemon.
[[0;32m  OK  [0m] Started irqbalance daemon.
         Starting LSB: Record successful boot for GRUB...
         Starting System Logging Service...
         Starting Virtualbox guest utils...
         Starting LXD - container startup/shutdown...
         Starting Permit User Sessions...
[[0;32m  OK  [0m] Started D-Bus System Message Bus.
         Starting Snap Daemon...
         Starting Login Service...
         Starting Accounts Service...
         Starting LSB: automatic crash report generation...
         Starting Dispatcher daemon for systemd-networkd...
[[0;32m  OK  [0m] Started Deferred execution scheduler.
[[0;32m  OK  [0m] Started System Logging Service.
[[0;32m  OK  [0m] Started LXD - container startup/shutdown.
[[0;32m  OK  [0m] Started Permit User Sessions.
[[0;32m  OK  [0m] Started Login Service.
[[0;32m  OK  [0m] Started Unattended Upgrades Shutdown.
         Starting Terminate Plymouth Boot Screen...
         Starting Hold until boot process finishes up...
[[0;32m  OK  [0m] Started Hold until boot process finishes up.
         Starting Set console scheme...
[[0;32m  OK  [0m] Started Serial Getty on ttyS0.
[[0;32m  OK  [0m] Started Terminate Plymouth Boot Screen.
[[0;32m  OK  [0m] Started Set console scheme.
[[0;32m  OK  [0m] Created slice system-getty.slice.
[[0;32m  OK  [0m] Started Getty on tty1.
[[0;32m  OK  [0m] Reached target Login Prompts.
         Starting Authorization Manager...
[[0;32m  OK  [0m] Started LSB: automatic crash report generation.
[[0;32m  OK  [0m] Started LSB: Record successful boot for GRUB.
[[0;32m  OK  [0m] Started Authorization Manager.
[[0;32m  OK  [0m] Started Accounts Service.
[[0;32m  OK  [0m] Started Virtualbox guest utils.
[[0;32m  OK  [0m] Started Dispatcher daemon for systemd-networkd.
[[0;32m  OK  [0m] Started Snap Daemon.
         Starting Wait until snapd is fully seeded...
[[0;32m  OK  [0m] Started Pollinate to seed the pseudo random number generator.
         Starting OpenBSD Secure Shell server...
[[0;32m  OK  [0m] Started OpenBSD Secure Shell server.
[[0;32m  OK  [0m] Created slice User Slice of vagrant.
[[0;32m  OK  [0m] Started Session 1 of user vagrant.
         Starting User Manager for UID 1000...
[[0;32m  OK  [0m] Started User Manager for UID 1000.
[[0;32m  OK  [0m] Started Wait until snapd is fully seeded.
         Starting Apply the settings specified in cloud-config...
[[0;32m  OK  [0m] Reached target Multi-User System.
[[0;32m  OK  [0m] Reached target Graphical Interface.
         Starting Update UTMP about System Runlevel Changes...
[[0;32m  OK  [0m] Started Update UTMP about System Runlevel Changes.
[   15.306509] cloud-init[1037]: Cloud-init v. 21.2-3-g899bfaa9-0ubuntu2~18.04.1 running 'modules:config' at Tue, 31 Aug 2021 14:33:30 +0000. Up 14.49 seconds.
[[0;32m  OK  [0m] Started Apply the settings specified in cloud-config.
         Starting Execute cloud user/final scripts...
ci-info: no authorized SSH keys fingerprints found for user ubuntu.
<14>Aug 31 14:33:32 cloud-init: #############################################################
<14>Aug 31 14:33:32 cloud-init: -----BEGIN SSH HOST KEY FINGERPRINTS-----
<14>Aug 31 14:33:32 cloud-init: 1024 SHA256:48jirWwyspeiP2VKoLu8O3wwTF0x6q7aHu2KWcuCt9s root@ubuntu-bionic (DSA)
<14>Aug 31 14:33:32 cloud-init: 256 SHA256:d2B1kTgBrOLrQfzMoTs72lPDxNdin/TFisH4pWyvznw root@ubuntu-bionic (ECDSA)
<14>Aug 31 14:33:32 cloud-init: 256 SHA256:zyRKwEuml29/K+Wnl7matmDYa+6iwD3RZt4Q4qnRnMk root@ubuntu-bionic (ED25519)
<14>Aug 31 14:33:32 cloud-init: 2048 SHA256:W9ikL6rx3ZR72vjrggwAlPwzERqaNkwg8wH0UZord7E root@ubuntu-bionic (RSA)
<14>Aug 31 14:33:32 cloud-init: -----END SSH HOST KEY FINGERPRINTS-----
<14>Aug 31 14:33:32 cloud-init: #############################################################
-----BEGIN SSH HOST KEY KEYS-----
ecdsa-sha2-nistp256 AAAAE2VjZHNhLXNoYTItbmlzdHAyNTYAAAAIbmlzdHAyNTYAAABBBFyQkzfuPkqrcY7UQ3omIK5kGhjwQ4+Xtm1PCS8Lrf5wJ7CUU+qvL7p5+3Kk9vq+jhJlnVPDznjdzYecN2GFCsU= root@ubuntu-bionic
ssh-ed25519 AAAAC3NzaC1lZDI1NTE5AAAAICkOxrBrjA70T/5xYOqkxWrppxSTEsSaLQcTY3yAn9dO root@ubuntu-bionic
ssh-rsa AAAAB3NzaC1yc2EAAAADAQABAAABAQCe0NwRr4PryQN4r8mlOfaCtIO2FeYXfV6FaPmE0MrO20aaVBvHId5qZmQJQJst6n45NRB1llLhFE5Xg5t6kt6fpeGf8ady0zigbIXcEat6C2vIGQtT6MG7MjPXd8lxU0lwwTdD1/O0MpGjdwnthVWpOu7pCUBTFX3y5zydkcX9ivlZTurH9xvm5eXl7dZkmv5I2YljV7qMJSGnVk8lICbjV9X7fzo+I/oHpzyaCnqwCr2paDJiOOw78XlFtzXOiGX7romc+nSdZ99Bd8x+N7y2KVCM2hrTnOpEivVQ6eNUO6xOFDENJXfvsX5Ak3EEI6KWzCgYGgivBr+HPDkou0EH root@ubuntu-bionic
-----END SSH HOST KEY KEYS-----
[   16.751367] cloud-init[1145]: Cloud-init v. 21.2-3-g899bfaa9-0ubuntu2~18.04.1 running 'modules:final' at Tue, 31 Aug 2021 14:33:32 +0000. Up 16.38 seconds.
[   16.757204] cloud-init[1145]: ci-info: no authorized SSH keys finge[[0;32m  OK  [0m] Stopped Unattended Upgrades Shutdown.
         Stopping Availability of block devices...
         Stopping User Manager for UID 1000...
[[0;32m  OK  [0m] Stopped target Host and Network Name Lookups.
         Stopping libconta[[0;32m  OK  [0m] Stopped target Host and Network Name Lookups.
         Stopping libcontainer container 2d7…4a1e27b08aa830a90dc432047db5fc088.
         Stopping libcontainer container 923…866871eaacffc4c2868c2aab404083454.
         Stopping libcontainer container 98b…89502706d639021536e511328ad0bbe67.
[[0;32m  OK  [0m] Stopped target Cloud-init target.
[[0;32m  OK  [0m] Stopped Execute cloud user/final scripts.
[[0;32m  OK  [0m] Stopped Apply the settings specified in cloud-config.
         Stopping Availability of block devices...
         Stopping Session 16 of user vagrant.
         Stopping libcontainer container fcd…633904bc87e08232846154ea62d4fc754.
         Stopping libcontainer container 7eb…249eb6c1e257c3e2566864d08caebdf54.
         Stopping libcontainer container cb7…fc26422fc0d1f6ea68a03cd7663e59f11.
         Stopping libcontainer container c7e…007594b3a0fd6a85db2cdcc4156ebd418.
         Stopping libcontainer container 36e…cb8630377d8840072f0c4b0c95fc7e236.
         Stopping libcontainer container bf6…4f33539660f6eed8f46055e6023ea09d3.
         Stopping User Manager for UID 1000...
         Stopping libcontainer container 9fd…38ba5fcd5bca458fcf6e15cdfe9f52532.
[[0;32m  OK  [0m] Stopped target Cloud-config availability.
         Stopping libcontainer container 286…1dee4b6c50d2d128798bca1eda6ac1bd0.
[[0;32m  OK  [0m] Stopped target Graphical Interface.
[[0;32m  OK  [0m] Stopped target Multi-User System.
         Stopping irqbalance daemon...
[[0;32m  OK  [0m] Stopped Wait until snapd is fully seeded.
         Stopping Docker Application Container Engine...
         Stopping kubelet: The Kubernetes Node Agent...
         Stopping OpenBSD Secure Shell server...
         Stopping LXD - container startup/shutdown...
[[0;32m  OK  [0m] Stopped target Login Prompts.
         Stopping Getty on tty1...
         Stopping Regular background program processing daemon...
         Stopping FUSE filesystem for LXC...
         Stopping LSB: Record successful boot for GRUB...
         Stopping LSB: automatic crash report generation...
         Stopping Dispatcher daemon for systemd-networkd...
         Stopping libcontainer container 4f5…c4311e4cda3c116fbf072ecf6d74ece13.
[[0;32m  OK  [0m] Closed Load/Save RF Kill Switch Status /dev/rfkill Watch.
         Stopping Serial Getty on ttyS0...
         Stopping Deferred execution scheduler...
         Stopping Authorization Manager...
         Stopping Virtualbox guest utils...
         Stopping System Logging Service...
         Stopping libcontainer container d3d…5a45203036bf6949af87062161adc2cea.
         Stopping libcontainer container c50…ada7254ae43b313ce976f263989e5941c.
         Stopping libcontainer container 178…b50feb69ff8912a321d056418ed3d0cc1.
         Stopping libcontainer container 42b…1a27f96e4073a28c2251d71728c91ce31.
         Stopping Accounts Service...
         Stopping D-Bus System Message Bus...
[[0;32m  OK  [0m] Stopped target Timers.
[[0;32m  OK  [0m] Stopped Discard unused blocks once a week.
[[0;32m  OK  [0m] Stopped Daily apt upgrade and clean activities.
[[0;32m  OK  [0m] Stopped Message of the Day.
[[0;32m  OK  [0m] Stopped Daily Cleanup of Temporary Directories.
[[0;32m  OK  [0m] Stopped Ubuntu Advantage update messaging.
[[0;32m  OK  [0m] Stopped Daily apt download activities.
[[0;32m  OK  [0m] Stopped target System Time Synchronized.
[[0;32m  OK  [0m] Unmounted /var/lib/lxcfs.
[[0;32m  OK  [0m] Stopped Deferred execution scheduler.
[[0;32m  OK  [0m] Stopped Accounts Service.
[[0;32m  OK  [0m] Stopped irqbalance daemon.
[[0;32m  OK  [0m] Stopped Dispatcher daemon for systemd-networkd.
[[0;32m  OK  [0m] Stopped Regular background program processing daemon.
[[0;32m  OK  [0m] Stopped System Logging Service.
[[0;32m  OK  [0m] Stopped Authorization Manager.
[[0;32m  OK  [0m] Stopped Serial Getty on ttyS0.
[[0;32m  OK  [0m] Stopped Getty on tty1.
[[0;32m  OK  [0m] Stopped OpenBSD Secure Shell server.
[[0;32m  OK  [0m] Stopped kubelet: The Kubernetes Node Agent.
[[0;32m  OK  [0m] Stopped User Manager for UID 1000.
[[0;32m  OK  [0m] Stopped Availability of block devices.
[[0;32m  OK  [0m] Stopped D-Bus System Message Bus.
[[0;32m  OK  [0m] Stopped FUSE filesystem for LXC.
[[0;32m  OK  [0m] Stopped libcontainer container c506…ada7254ae43b313ce976f263989e5941c.
[[0;32m  OK  [0m] Stopped libcontainer container 4f54…c4311e4cda3c116fbf072ecf6d74ece13.
[[0;32m  OK  [0m] Stopped libcontainer container d3dc…5a45203036bf6949af87062161adc2cea.
[[0;32m  OK  [0m] Stopped libcontainer container 42bf…1a27f96e4073a28c2251d71728c91ce31.
[[0;32m  OK  [0m] Stopped libcontainer container 1783…b50feb69ff8912a321d056418ed3d0cc1.
[[0;32m  OK  [0m] Stopped libcontainer container 9fd5…38ba5fcd5bca458fcf6e15cdfe9f52532.
[[0;32m  OK  [0m] Stopped libcontainer container bf62…4f33539660f6eed8f46055e6023ea09d3.
[[0;32m  OK  [0m] Stopped libcontainer container 7eb5…249eb6c1e257c3e2566864d08caebdf54.
[[0;32m  OK  [0m] Stopped libcontainer container 36e8…cb8630377d8840072f0c4b0c95fc7e236.
[[0;32m  OK  [0m] Stopped Session 16 of user vagrant.
[[0;32m  OK  [0m] Stopped libcontainer container cb76…fc26422fc0d1f6ea68a03cd7663e59f11.
[[0;32m  OK  [0m] Stopped libcontainer container c7e6…007594b3a0fd6a85db2cdcc4156ebd418.
[[0;32m  OK  [0m] Stopped libcontainer container 9239…866871eaacffc4c2868c2aab404083454.
[[0;32m  OK  [0m] Stopped libcontainer container fcdb…633904bc87e08232846154ea62d4fc754.
[[0;32m  OK  [0m] Stopped libcontainer container 2d7b…4a1e27b08aa830a90dc432047db5fc088.
[[0;32m  OK  [0m] Removed slice libcontainer containe…21449d64d5e6d5e9069a7ca99ed.slice.
[[0;32m  OK  [0m] Removed slice libcontainer containe…93c4_45d6_999c_4312e064f77d.slice.
[[0;32m  OK  [0m] Removed slice libcontainer containe…1f14_4183_b46f_1ef005f80674.slice.
[[0;32m  OK  [0m] Removed slice libcontainer containe…8d76_4279_95a8_31821ef3d8b8.slice.
[[0;32m  OK  [0m] Removed slice libcontainer containe…079f_4ebc_8acc_8aaad581b102.slice.
[[0;32m  OK  [0m] Removed slice libcontainer containe…1536_48b6_ac10_cfc330732c37.slice.
[[0;32m  OK  [0m] Removed slice User Slice of vagrant.
         Stopping Login Service...
[[0;32m  OK  [0m] Removed slice system-getty.slice.
[[0;32m  OK  [0m] Removed slice system-serial\x2dgetty.slice.
         Stopping Permit User Sessions...
[[0;32m  OK  [0m] Stopped Permit User Sessions.
[[0;32m  OK  [0m] Stopped LXD - container startup/shutdown.
[[0;32m  OK  [0m] Stopped Login Service.
[[0;32m  OK  [0m] Stopped target User and Group Name Lookups.
[[0;32m  OK  [0m] Stopped LSB: Record successful boot for GRUB.
[[0;32m  OK  [0m] Stopped LSB: automatic crash report generation.
[[0;32m  OK  [0m] Stopped target Remote File Systems.
         Unmounting /vagrant...
[[0;32m  OK  [0m] Unmounted /vagrant.
[[0;32m  OK  [0m] Stopped target Remote File Systems (Pre).
[[0;32m  OK  [0m] Stopped Virtualbox guest utils.
[[0;32m  OK  [0m] Unmounted /var/lib/docker/overlay2/…24e3f6d8fec2d107af5fd93d35/merged.
[[0;32m  OK  [0m] Unmounted /var/lib/docker/container…51c1bbf99b56ab3bc7365a/mounts/shm.
[[0;32m  OK  [0m] Unmounted /var/lib/docker/container…1f6ea68a03cd7663e59f11/mounts/shm.
[[0;32m  OK  [0m] Unmounted /var/lib/docker/overlay2/…55a427e9be39a37dcde6007ea5/merged.
[[0;32m  OK  [0m] Unmounted /var/lib/docker/overlay2/…26d958e82855ca7f935ef792c5/merged.
[[0;32m  OK  [0m] Unmounted /var/lib/docker/container…3a28c2251d71728c91ce31/mounts/shm.
[[0;32m  OK  [0m] Unmounted /var/lib/docker/overlay2/…39596e7d4e65cdff68f433009d/merged.
[[0;32m  OK  [0m] Unmounted /var/lib/docker/overlay2/…1e9b2911270b874dd5341836fc/merged.
[[0;32m  OK  [0m] Unmounted /run/docker/netns/c2836c1030b3.
[[0;32m  OK  [0m] Unmounted /var/lib/docker/container…f6949af87062161adc2cea/mounts/shm.
[[0;32m  OK  [0m] Unmounted /run/docker/netns/0178a557ffe4.
[[0;32m  OK  [0m] Unmounted /var/lib/docker/container…08232846154ea62d4fc754/mounts/shm.
[[0;32m  OK  [0m] Unmounted /var/lib/docker/overlay2/…fed994781e6ce1988e563414f7/merged.
[[0;32m  OK  [0m] Unmounted /var/lib/docker/container…912a321d056418ed3d0cc1/mounts/shm.
[[0;32m  OK  [0m] Unmounted /var/lib/docker/overlay2/…c957aeb81556ed6344eecaddb1/merged.
[[0;32m  OK  [0m] Unmounted /var/lib/docker/overlay2/…e893d86b542c174283a270048e/merged.
[[0;32m  OK  [0m] Unmounted /run/docker/netns/3ef2db72d8a7.
[[0;32m  OK  [0m] Unmounted /run/docker/netns/5afb1d639a68.
[[0;32m  OK  [0m] Unmounted /var/lib/docker/container…b313ce976f263989e5941c/mounts/shm.
[[0;32m  OK  [0m] Unmounted /var/lib/docker/container…830a90dc432047db5fc088/mounts/shm.
[[0;32m  OK  [0m] Unmounted /var/lib/docker/overlay2/…616059eb15738602c9463f5129/merged.
[[0;32m  OK  [0m] Unmounted /var/lib/docker/overlay2/…f069f7a7411dd92ef283703a4a/merged.
[[0;32m  OK  [0m] Unmounted /var/lib/docker/overlay2/…fbea105a9096f4bfe793378dca/merged.
[[0;32m  OK  [0m] Unmounted /var/lib/docker/overlay2/…cf6e73f0d925e29dfa60340b6b/merged.
[[0;32m  OK  [0m] Unmounted /var/lib/docker/overlay2/…7097647c05fc708dce0b6a8b2d/merged.
[[0;32m  OK  [0m] Unmounted /var/lib/docker/overlay2/…30bb5dd7858465d27bc174c8d3/merged.
[[0;32m  OK  [0m] Unmounted /var/lib/docker/overlay2/…069373c48bf9d43b0bdfa6aafb/merged.
[[0;32m  OK  [0m] Unmounted /run/docker/netns/541dd3bd8d35.
[[0;32m  OK  [0m] Unmounted /var/lib/docker/container…d6a85db2cdcc4156ebd418/mounts/shm.
[[0;32m  OK  [0m] Unmounted /var/lib/docker/overlay2/…bffcaf7d25ae8c83848b313fd8/merged.
[[0;32m  OK  [0m] Unmounted /var/lib/docker/overlay2/…b7c89ed7f45c65fa9ffca682bf/merged.
[[0;32m  OK  [0m] Unmounted /var/lib/docker/container…ce22ba412390abc8ada43d/mounts/shm.
[[0;32m  OK  [0m] Unmounted /var/lib/docker/overlay2/…abdc7c2eed2a3b7440f80a8253/merged.
[[0;32m  OK  [0m] Unmounted /var/lib/docker/overlay2/…4e132dea9c1e6941b408c79f50/merged.
[[0;32m  OK  [0m] Unmounted /var/lib/docker/container…c5817d1ee23fa9b1d861a3/mounts/shm.
[[0;32m  OK  [0m] Unmounted /var/lib/docker/overlay2/…3f43df97890d018e794aadf46e/merged.
[[0;32m  OK  [0m] Stopped libcontainer container 98b2…89502706d639021536e511328ad0bbe67.
[[0;32m  OK  [0m] Removed slice libcontainer containe…6233_4e64_bea1_6ba4151084fc.slice.
[[0;32m  OK  [0m] Unmounted /var/lib/docker/overlay2/…f3af6136d38e52eae68e58022a/merged.
[[0;32m  OK  [0m] Stopped libcontainer container 2864…1dee4b6c50d2d128798bca1eda6ac1bd0.
[[0;32m  OK  [0m] Removed slice libcontainer containe…4e3f_4392_9698_6bf32e53001c.slice.
[[0;32m  OK  [0m] Unmounted /var/lib/docker/overlay2/…c595f6246efd101b49f2251402/merged.
[[0;32m  OK  [0m] Stopped Docker Application Container Engine.
         Stopping containerd container runtime...
[[0;32m  OK  [0m] Stopped target Network is Online.
[[0;32m  OK  [0m] Stopped containerd container runtime.
[[0;32m  OK  [0m] Stopped target Basic System.
[[0;32m  OK  [0m] Stopped target Slices.
[[0;32m  OK  [0m] Removed slice User and Session Slice.
[[0;32m  OK  [0m] Stopped target Sockets.
[[0;32m  OK  [0m] Closed LXD - unix socket.
[[0;32m  OK  [0m] Closed ACPID Listen Socket.
[[0;32m  OK  [0m] Closed Open-iSCSI iscsid Socket.
[[0;32m  OK  [0m] Closed Syslog Socket.
[[0;32m  OK  [0m] Closed D-Bus System Message Bus Socket.
[[0;32m  OK  [0m] Closed Docker Socket for the API.
[[0;32m  OK  [0m] Closed UUID daemon activation socket.
[[0;32m  OK  [0m] Closed Socket activation for snappy daemon.
[[0;32m  OK  [0m] Stopped target Paths.
[[0;32m  OK  [0m] Stopped ACPI Events Check.
[[0;32m  OK  [0m] Stopped target System Initialization.
         Stopping Load/Save Random Seed...
         Stopping Update UTMP about System Boot/Shutdown...
[[0;32m  OK  [0m] Stopped Commit a transient machine-id on disk.
[[0;32m  OK  [0m] Stopped target Local Encrypted Volumes.
[[0;32m  OK  [0m] Stopped Dispatch Password Requests to Console Directory Watch.
[[0;32m  OK  [0m] Stopped Forward Password Requests to Wall Directory Watch.
[[0;32m  OK  [0m] Stopped Initial cloud-init job (metadata service crawler).
[[0;32m  OK  [0m] Stopped target Network.
         Stopping Network Name Resolution...
[[0;32m  OK  [0m] Stopped Load/Save Random Seed.
[[0;32m  OK  [0m] Stopped Update UTMP about System Boot/Shutdown.
[[0;32m  OK  [0m] Stopped Network Name Resolution.
         Stopping Network Service...
[[0;32m  OK  [0m] Stopped Create Volatile Files and Directories.
[[0;32m  OK  [0m] Stopped target Local File Systems.
         Unmounting /var/lib/kubelet/pods/dd…~secret/calico-node-token-gzn4m...
         Unmounting /var/lib/kubelet/pods/88…o~secret/kube-proxy-token-c2l8v...
         Unmounting /run/docker/netns/default...
         Unmounting /var/lib/kubelet/pods/f4…s.io~secret/coredns-token-m9phm...
         Unmounting /var/lib/kubelet/pods/93…s.io~secret/coredns-token-m9phm...
         Unmounting /var/lib/kubelet/pods/fa…ubernetes-dashboard-token-tzx5h...
         Unmounting /var/lib/kubelet/pods/9b…ubernetes-dashboard-token-tzx5h...
         Unmounting /run/user/1000...
         Unmounting /var/lib/kubelet/pods/fa…cret/kubernetes-dashboard-certs...
         Unmounting /var/lib/kubelet/pods/1f…co-kube-controllers-token-r9l8k...
[[0;32m  OK  [0m] Stopped Network Service.
[[0;32m  OK  [0m] Unmounted /var/lib/kubelet/pods/dd3…io~secret/calico-node-token-gzn4m.
[[0;32m  OK  [0m] Unmounted /var/lib/kubelet/pods/881….io~secret/kube-proxy-token-c2l8v.
[[0;32m  OK  [0m] Unmounted /run/docker/netns/default.
[[0;32m  OK  [0m] Unmounted /var/lib/kubelet/pods/f45…tes.io~secret/coredns-token-m9phm.
[[0;32m  OK  [0m] Unmounted /var/lib/kubelet/pods/93f…tes.io~secret/coredns-token-m9phm.
[[0;32m  OK  [0m] Unmounted /var/lib/kubelet/pods/fa3…/kubernetes-dashboard-token-tzx5h.
[[0;32m  OK  [0m] Unmounted /var/lib/kubelet/pods/9bb…/kubernetes-dashboard-token-tzx5h.
[[0;32m  OK  [0m] Unmounted /run/user/1000.
[[0;32m  OK  [0m] Unmounted /var/lib/kubelet/pods/fa3…secret/kubernetes-dashboard-certs.
[[0;32m  OK  [0m] Unmounted /var/lib/kubelet/pods/1fa…lico-kube-controllers-token-r9l8k.
[[0;32m  OK  [0m] Reached target Unmount All Filesystems.
[[0;32m  OK  [0m] Stopped target Swap.
[[0;32m  OK  [0m] Stopped target Local File Systems (Pre).
[[0;32m  OK  [0m] Stopped Create Static Device Nodes in /dev.
         Stopping Monitoring of LVM2 mirrors…ng dmeventd or progress polling...
[[0;32m  OK  [0m] Stopped target Network (Pre).
[[0;32m  OK  [0m] Stopped Initial cloud-init job (pre-networking).
[[0;32m  OK  [0m] Stopped Remount Root and Kernel File Systems.
[[0;32m  OK  [0m] Stopped Apply Kernel Variables.
[[0;32m  OK  [0m] Stopped Load Kernel Modules.
[[0;32m  OK  [0m] Reached target Shutdown.
[[0;32m  OK  [0m] Reached target Final Step.
         Starting Power-Off...
[27803.011680] reboot: Power down
